<?xml version="1.0" encoding="UTF-8"?>
<testsuite xmlns:xsi="http://www.w3.org/2001/XMLSchema-instance" xsi:noNamespaceSchemaLocation="https://maven.apache.org/surefire/maven-surefire-plugin/xsd/surefire-test-report-3.0.xsd" version="3.0" name="com.panaderia.rodrigo.RodrigoApplicationTests" time="9.959" tests="5" errors="0" skipped="0" failures="0">
  <properties>
[...]
</properties>
  <testcase name="testProductosDataLoader" classname="com.panaderia.rodrigo.RodrigoApplicationTests" time="0.731">
    <system-out><![CDATA[22:35:38.597 [main] INFO org.springframework.test.context.support.AnnotationConfigContextLoaderUtils -- Could not detect default configuration classes for test class [com.panaderia.rodrigo.RodrigoApplicationTests]: RodrigoApplicationTests does not declare any static, non-private, non-final, nested classes annotated with @Configuration.
22:35:38.735 [main] INFO org.springframework.boot.test.context.SpringBootTestContextBootstrapper -- Found @SpringBootConfiguration com.panaderia.rodrigo.PanaderiaRodrigoApplication for test class com.panaderia.rodrigo.RodrigoApplicationTests

  .   ____          _            __ _ _
 /\\ / ___'_ __ _ _(_)_ __  __ _ \ \ \ \
( ( )\___ | '_ | '_| | '_ \/ _` | \ \ \ \
 \\/  ___)| |_)| | | | | || (_| |  ) ) ) )
  '  |____| .__|_| |_|_| |_\__, | / / / /
 =========|_|==============|___/=/_/_/_/
 :: Spring Boot ::                (v3.2.5)

2026-03-23T22:35:39.299-03:00  INFO 5888 --- [PanaderiaRodrigo] [           main] c.p.rodrigo.RodrigoApplicationTests      : Starting RodrigoApplicationTests using Java 21.0.10 with PID 5888 (started by crt_g in E:\Users\crt_g\Documents\java 2\Modulo 6\Panaderia_Rodrigo-main\panaderia-rodrigo)
2026-03-23T22:35:39.301-03:00  INFO 5888 --- [PanaderiaRodrigo] [           main] c.p.rodrigo.RodrigoApplicationTests      : No active profile set, falling back to 1 default profile: "default"
2026-03-23T22:35:40.396-03:00  INFO 5888 --- [PanaderiaRodrigo] [           main] .s.d.r.c.RepositoryConfigurationDelegate : Bootstrapping Spring Data JPA repositories in DEFAULT mode.
2026-03-23T22:35:40.479-03:00  INFO 5888 --- [PanaderiaRodrigo] [           main] .s.d.r.c.RepositoryConfigurationDelegate : Finished Spring Data repository scanning in 71 ms. Found 3 JPA repository interfaces.
2026-03-23T22:35:41.247-03:00  INFO 5888 --- [PanaderiaRodrigo] [           main] o.hibernate.jpa.internal.util.LogHelper  : HHH000204: Processing PersistenceUnitInfo [name: default]
2026-03-23T22:35:41.378-03:00  INFO 5888 --- [PanaderiaRodrigo] [           main] org.hibernate.Version                    : HHH000412: Hibernate ORM core version 6.4.4.Final
2026-03-23T22:35:41.446-03:00  INFO 5888 --- [PanaderiaRodrigo] [           main] o.h.c.internal.RegionFactoryInitiator    : HHH000026: Second-level cache disabled
2026-03-23T22:35:41.875-03:00  INFO 5888 --- [PanaderiaRodrigo] [           main] o.s.o.j.p.SpringPersistenceUnitInfo      : No LoadTimeWeaver setup: ignoring JPA class transformer
2026-03-23T22:35:41.919-03:00  INFO 5888 --- [PanaderiaRodrigo] [           main] com.zaxxer.hikari.HikariDataSource       : HikariPool-1 - Starting...
2026-03-23T22:35:42.246-03:00  INFO 5888 --- [PanaderiaRodrigo] [           main] com.zaxxer.hikari.pool.HikariPool        : HikariPool-1 - Added connection conn0: url=jdbc:h2:mem:panaderiadb user=SA
2026-03-23T22:35:42.248-03:00  INFO 5888 --- [PanaderiaRodrigo] [           main] com.zaxxer.hikari.HikariDataSource       : HikariPool-1 - Start completed.
2026-03-23T22:35:42.283-03:00  WARN 5888 --- [PanaderiaRodrigo] [           main] org.hibernate.orm.deprecation            : HHH90000025: H2Dialect does not need to be specified explicitly using 'hibernate.dialect' (remove the property setting and it will be selected by default)
2026-03-23T22:35:43.702-03:00  INFO 5888 --- [PanaderiaRodrigo] [           main] o.h.e.t.j.p.i.JtaPlatformInitiator       : HHH000489: No JTA platform available (set 'hibernate.transaction.jta.platform' to enable JTA platform integration)
Hibernate: 
    drop table if exists clientes cascade 
Hibernate: 
    drop table if exists pedido_productos cascade 
Hibernate: 
    drop table if exists pedidos cascade 
Hibernate: 
    drop table if exists productos cascade 
Hibernate: 
    create table clientes (
        id bigint generated by default as identity,
        nombre varchar(100) not null,
        direccion varchar(200),
        email varchar(255) not null unique,
        telefono varchar(255),
        primary key (id)
    )
Hibernate: 
    create table pedido_productos (
        pedido_id bigint not null,
        producto_id bigint not null
    )
Hibernate: 
    create table pedidos (
        total float(53),
        cliente_id bigint not null,
        fecha_pedido timestamp(6) not null,
        id bigint generated by default as identity,
        observaciones varchar(300),
        estado varchar(255) not null check (estado in ('PENDIENTE','EN_PREPARACION','LISTO','ENTREGADO','CANCELADO')),
        primary key (id)
    )
Hibernate: 
    create table productos (
        disponible boolean,
        precio float(53) not null,
        stock integer not null check (stock>=0),
        id bigint generated by default as identity,
        nombre varchar(100) not null,
        categoria varchar(255) not null,
        descripcion varchar(255),
        primary key (id)
    )
Hibernate: 
    alter table if exists pedido_productos 
       add constraint FKm9xkoc089oj5c60ae5qj7po28 
       foreign key (producto_id) 
       references productos
Hibernate: 
    alter table if exists pedido_productos 
       add constraint FKt5hax8tnvf9uhxrobx1l6nmas 
       foreign key (pedido_id) 
       references pedidos
Hibernate: 
    alter table if exists pedidos 
       add constraint FKg7202lk0hwxn04bmdl2thth5b 
       foreign key (cliente_id) 
       references clientes
2026-03-23T22:35:43.775-03:00  INFO 5888 --- [PanaderiaRodrigo] [           main] j.LocalContainerEntityManagerFactoryBean : Initialized JPA EntityManagerFactory for persistence unit 'default'
2026-03-23T22:35:44.543-03:00  INFO 5888 --- [PanaderiaRodrigo] [           main] o.s.d.j.r.query.QueryEnhancerFactory     : Hibernate is in classpath; If applicable, HQL parser will be used.
2026-03-23T22:35:45.713-03:00  WARN 5888 --- [PanaderiaRodrigo] [           main] JpaBaseConfiguration$JpaWebConfiguration : spring.jpa.open-in-view is enabled by default. Therefore, database queries may be performed during view rendering. Explicitly configure spring.jpa.open-in-view to disable this warning
2026-03-23T22:35:46.091-03:00  INFO 5888 --- [PanaderiaRodrigo] [           main] o.s.b.a.w.s.WelcomePageHandlerMapping    : Adding welcome page template: index
2026-03-23T22:35:46.547-03:00  INFO 5888 --- [PanaderiaRodrigo] [           main] o.s.s.web.DefaultSecurityFilterChain     : Will secure any request with [org.springframework.security.web.session.DisableEncodeUrlFilter@130901fd, org.springframework.security.web.context.request.async.WebAsyncManagerIntegrationFilter@659f5f32, org.springframework.security.web.context.SecurityContextHolderFilter@7ad0d002, org.springframework.security.web.header.HeaderWriterFilter@794eb6e7, org.springframework.web.filter.CorsFilter@20fdd484, org.springframework.security.web.csrf.CsrfFilter@4cb37177, org.springframework.security.web.authentication.logout.LogoutFilter@361eed12, org.springframework.security.web.authentication.UsernamePasswordAuthenticationFilter@3d1b91d1, org.springframework.security.web.savedrequest.RequestCacheAwareFilter@63064672, org.springframework.security.web.servletapi.SecurityContextHolderAwareRequestFilter@59dae020, org.springframework.security.web.authentication.AnonymousAuthenticationFilter@3e0575a2, org.springframework.security.web.access.ExceptionTranslationFilter@5ccf1542, org.springframework.security.web.access.intercept.AuthorizationFilter@18f37d6e]
2026-03-23T22:35:47.093-03:00  INFO 5888 --- [PanaderiaRodrigo] [           main] o.s.b.a.h2.H2ConsoleAutoConfiguration    : H2 console available at '/h2-console'. Database available at 'jdbc:h2:mem:panaderiadb'
2026-03-23T22:35:47.233-03:00  INFO 5888 --- [PanaderiaRodrigo] [           main] c.p.rodrigo.RodrigoApplicationTests      : Started RodrigoApplicationTests in 8.272 seconds (process running for 9.558)
Hibernate: 
    insert 
    into
        productos
        (categoria, descripcion, disponible, nombre, precio, stock, id) 
    values
        (?, ?, ?, ?, ?, ?, default)
Hibernate: 
    insert 
    into
        productos
        (categoria, descripcion, disponible, nombre, precio, stock, id) 
    values
        (?, ?, ?, ?, ?, ?, default)
Hibernate: 
    insert 
    into
        productos
        (categoria, descripcion, disponible, nombre, precio, stock, id) 
    values
        (?, ?, ?, ?, ?, ?, default)
Hibernate: 
    insert 
    into
        productos
        (categoria, descripcion, disponible, nombre, precio, stock, id) 
    values
        (?, ?, ?, ?, ?, ?, default)
Hibernate: 
    insert 
    into
        productos
        (categoria, descripcion, disponible, nombre, precio, stock, id) 
    values
        (?, ?, ?, ?, ?, ?, default)
Hibernate: 
    insert 
    into
        productos
        (categoria, descripcion, disponible, nombre, precio, stock, id) 
    values
        (?, ?, ?, ?, ?, ?, default)
Hibernate: 
    insert 
    into
        productos
        (categoria, descripcion, disponible, nombre, precio, stock, id) 
    values
        (?, ?, ?, ?, ?, ?, default)
Hibernate: 
    insert 
    into
        clientes
        (direccion, email, nombre, telefono, id) 
    values
        (?, ?, ?, ?, default)
Hibernate: 
    insert 
    into
        clientes
        (direccion, email, nombre, telefono, id) 
    values
        (?, ?, ?, ?, default)
Hibernate: 
    insert 
    into
        clientes
        (direccion, email, nombre, telefono, id) 
    values
        (?, ?, ?, ?, default)
Hibernate: 
    insert 
    into
        pedidos
        (cliente_id, estado, fecha_pedido, observaciones, total, id) 
    values
        (?, ?, ?, ?, ?, default)
Hibernate: 
    insert 
    into
        pedido_productos
        (pedido_id, producto_id) 
    values
        (?, ?)
Hibernate: 
    insert 
    into
        pedido_productos
        (pedido_id, producto_id) 
    values
        (?, ?)
Hibernate: 
    insert 
    into
        pedidos
        (cliente_id, estado, fecha_pedido, observaciones, total, id) 
    values
        (?, ?, ?, ?, ?, default)
Hibernate: 
    insert 
    into
        pedido_productos
        (pedido_id, producto_id) 
    values
        (?, ?)
Hibernate: 
    insert 
    into
        pedidos
        (cliente_id, estado, fecha_pedido, observaciones, total, id) 
    values
        (?, ?, ?, ?, ?, default)
Hibernate: 
    insert 
    into
        pedido_productos
        (pedido_id, producto_id) 
    values
        (?, ?)
Hibernate: 
    insert 
    into
        pedido_productos
        (pedido_id, producto_id) 
    values
        (?, ?)
Hibernate: 
    insert 
    into
        pedido_productos
        (pedido_id, producto_id) 
    values
        (?, ?)
========================================
  ¡Panadería Rodrigo lista! 🍞
Hibernate: 
    select
        count(*) 
    from
        productos p1_0
  Productos cargados: 7
Hibernate: 
    select
        count(*) 
    from
        clientes c1_0
  Clientes cargados:  3
Hibernate: 
    select
        count(*) 
    from
        pedidos p1_0
  Pedidos cargados:   3
========================================
  URL: http://localhost:8080
  H2:  http://localhost:8080/h2-console
  Admin: rodrigo / admin123
  Empleado: empleado / emp123
========================================
Hibernate: 
    select
        p1_0.id,
        p1_0.categoria,
        p1_0.descripcion,
        p1_0.disponible,
        p1_0.nombre,
        p1_0.precio,
        p1_0.stock 
    from
        productos p1_0
]]></system-out>
    <system-err><![CDATA[WARNING: A Java agent has been loaded dynamically (C:\Users\crt_g\.m2\repository\net\bytebuddy\byte-buddy-agent\1.14.13\byte-buddy-agent-1.14.13.jar)
WARNING: If a serviceability tool is in use, please run with -XX:+EnableDynamicAgentLoading to hide this warning
WARNING: If a serviceability tool is not in use, please run with -Djdk.instrument.traceUsage for more information
WARNING: Dynamic loading of agents will be disallowed by default in a future release
]]></system-err>
  </testcase>
  <testcase name="testGuardarProducto" classname="com.panaderia.rodrigo.RodrigoApplicationTests" time="0.04">
    <system-out><![CDATA[Hibernate: 
    insert 
    into
        productos
        (categoria, descripcion, disponible, nombre, precio, stock, id) 
    values
        (?, ?, ?, ?, ?, ?, default)
Hibernate: 
    select
        p1_0.id,
        p1_0.categoria,
        p1_0.descripcion,
        p1_0.disponible,
        p1_0.nombre,
        p1_0.precio,
        p1_0.stock 
    from
        productos p1_0 
    where
        p1_0.id=?
Hibernate: 
    delete 
    from
        productos 
    where
        id=?
]]></system-out>
  </testcase>
  <testcase name="testFindStockBajo" classname="com.panaderia.rodrigo.RodrigoApplicationTests" time="0.023">
    <system-out><![CDATA[Hibernate: 
    select
        p1_0.id,
        p1_0.categoria,
        p1_0.descripcion,
        p1_0.disponible,
        p1_0.nombre,
        p1_0.precio,
        p1_0.stock 
    from
        productos p1_0 
    where
        p1_0.stock<10 
        and p1_0.disponible=true
]]></system-out>
  </testcase>
  <testcase name="contextLoads" classname="com.panaderia.rodrigo.RodrigoApplicationTests" time="0.004"/>
  <testcase name="testBuscarProductoPorNombre" classname="com.panaderia.rodrigo.RodrigoApplicationTests" time="0.02">
    <system-out><![CDATA[Hibernate: 
    select
        p1_0.id,
        p1_0.categoria,
        p1_0.descripcion,
        p1_0.disponible,
        p1_0.nombre,
        p1_0.precio,
        p1_0.stock 
    from
        productos p1_0 
    where
        upper(p1_0.nombre) like upper(?) escape '\'
]]></system-out>
  </testcase>
</testsuite>